<?xml version="1.0" encoding="UTF-8"?>
<!-- Generated by org.testng.reporters.JUnitXMLReporter -->
<testsuite ignored="9" hostname="DESKTOP-M1MQQMG" failures="0" tests="1" name="Default test" time="74.772" errors="0" timestamp="2024-10-09T15:23:18 IST">
  <testcase classname="testcases.Logintestcases" name="loginTestVerifyOTPWithNulldataOTP" time="33.72"/>
  <testcase classname="testcases.Logintestcases" name="mobileNumOTPFieldValidData" time="0.0">
    <ignored/>
  </testcase> <!-- mobileNumOTPFieldValidData -->
  <testcase classname="testcases.Logintestcases" name="loginTestwithnilldata" time="0.0">
    <ignored/>
  </testcase> <!-- loginTestwithnilldata -->
  <testcase classname="testcases.Logintestcases" name="loginTestPositive" time="0.0">
    <ignored/>
  </testcase> <!-- loginTestPositive -->
  <testcase classname="testcases.Logintestcases" name="loginTestwithInvalidEmail" time="0.0">
    <ignored/>
  </testcase> <!-- loginTestwithInvalidEmail -->
  <testcase classname="testcases.Logintestcases" name="mobileNumOTPFieldNullData" time="0.0">
    <ignored/>
  </testcase> <!-- mobileNumOTPFieldNullData -->
  <testcase classname="testcases.Logintestcases" name="loginTestVerifyOTPWithInvalidOTP" time="0.0">
    <ignored/>
  </testcase> <!-- loginTestVerifyOTPWithInvalidOTP -->
  <testcase classname="testcases.Logintestcases" name="loginTestVerifyOTPWithExpiredOTP" time="0.0">
    <ignored/>
  </testcase> <!-- loginTestVerifyOTPWithExpiredOTP -->
  <testcase classname="testcases.Logintestcases" name="mobileVerifyOTPWithExpiredOTP" time="0.0">
    <ignored/>
  </testcase> <!-- mobileVerifyOTPWithExpiredOTP -->
  <testcase classname="testcases.Logintestcases" name="mobileNumOTPFieldInvalidData" time="0.0">
    <ignored/>
  </testcase> <!-- mobileNumOTPFieldInvalidData -->
</testsuite> <!-- Default test -->
